<?xml version="1.0" encoding="UTF-8"?>
<testng-results ignored="0" total="1" passed="1" failed="0" skipped="0">
  <reporter-output>
  </reporter-output>
  <suite started-at="2018-11-30T15:48:26Z" name="Default suite" finished-at="2018-11-30T15:48:26Z" duration-ms="47">
    <groups>
    </groups>
    <test started-at="2018-11-30T15:48:26Z" name="Default test" finished-at="2018-11-30T15:48:26Z" duration-ms="47">
      <class name="Tests.FirstTest">
        <test-method signature="Testing()[pri:0, instance:Tests.FirstTest@7817fd62]" started-at="2018-11-30T15:48:26Z" name="Testing" finished-at="2018-11-30T15:48:26Z" duration-ms="14" status="PASS">
          <reporter-output>
          </reporter-output>
        </test-method> <!-- Testing -->
      </class> <!-- Tests.FirstTest -->
    </test> <!-- Default test -->
  </suite> <!-- Default suite -->
</testng-results>
